[debug] [2024-10-11T13:43:18.472Z] ----------------------------------------------------------------------
[debug] [2024-10-11T13:43:18.476Z] Command:       C:\Program Files\nodejs\node.exe C:\Users\KUMAR SATYAM\AppData\Roaming\npm\node_modules\firebase-tools\lib\bin\firebase.js init
[debug] [2024-10-11T13:43:18.476Z] CLI Version:   13.22.0
[debug] [2024-10-11T13:43:18.477Z] Platform:      win32
[debug] [2024-10-11T13:43:18.477Z] Node Version:  v20.11.1
[debug] [2024-10-11T13:43:18.477Z] Time:          Fri Oct 11 2024 19:13:18 GMT+0530 (India Standard Time)
[debug] [2024-10-11T13:43:18.477Z] ----------------------------------------------------------------------
[debug] 
[debug] [2024-10-11T13:43:18.485Z] > command requires scopes: ["email","openid","https://www.googleapis.com/auth/cloudplatformprojects.readonly","https://www.googleapis.com/auth/firebase","https://www.googleapis.com/auth/cloud-platform"]
[debug] [2024-10-11T13:43:18.486Z] > authorizing via signed-in user (ksatyam125@gmail.com)
[info] 
     ######## #### ########  ######## ########     ###     ######  ########
     ##        ##  ##     ## ##       ##     ##  ##   ##  ##       ##
     ######    ##  ########  ######   ########  #########  ######  ######
     ##        ##  ##    ##  ##       ##     ## ##     ##       ## ##
     ##       #### ##     ## ######## ########  ##     ##  ######  ########

You're about to initialize a Firebase project in this directory:

  C:\Users\KUMAR SATYAM\Desktop\Portfolio_2

[info] 
=== Project Setup
[info] 
[info] First, let's associate this project directory with a Firebase project.
[info] You can create multiple project aliases by running firebase use --add, 
[info] but for now we'll just set up a default project.
[info] 
[debug] [2024-10-11T13:43:48.055Z] Checked if tokens are valid: false, expires at: 1727726571877
[debug] [2024-10-11T13:43:48.056Z] Checked if tokens are valid: false, expires at: 1727726571877
[debug] [2024-10-11T13:43:48.056Z] > refreshing access token with scopes: []
[debug] [2024-10-11T13:43:48.058Z] >>> [apiv2][query] POST https://www.googleapis.com/oauth2/v3/token [none]
[debug] [2024-10-11T13:43:48.058Z] >>> [apiv2][body] POST https://www.googleapis.com/oauth2/v3/token [omitted]
[debug] [2024-10-11T13:43:49.572Z] <<< [apiv2][status] POST https://www.googleapis.com/oauth2/v3/token 200
[debug] [2024-10-11T13:43:49.572Z] <<< [apiv2][body] POST https://www.googleapis.com/oauth2/v3/token [omitted]
[debug] [2024-10-11T13:43:49.582Z] >>> [apiv2][query] GET https://firebase.googleapis.com/v1beta1/projects pageSize=100
[debug] [2024-10-11T13:43:51.105Z] <<< [apiv2][status] GET https://firebase.googleapis.com/v1beta1/projects 200
[debug] [2024-10-11T13:43:51.106Z] <<< [apiv2][body] GET https://firebase.googleapis.com/v1beta1/projects [omitted]
[info] i  Using project satyam-portfolio125 (satyam-portfolio125) 
[info] 
=== Hosting Setup
[debug] [2024-10-11T13:44:04.413Z] Checked if tokens are valid: true, expires at: 1728657828572
[debug] [2024-10-11T13:44:04.413Z] Checked if tokens are valid: true, expires at: 1728657828572
[debug] [2024-10-11T13:44:04.413Z] >>> [apiv2][query] GET https://firebase.googleapis.com/v1beta1/projects/satyam-portfolio125 [none]
[debug] [2024-10-11T13:44:11.453Z] <<< [apiv2][status] GET https://firebase.googleapis.com/v1beta1/projects/satyam-portfolio125 200
[debug] [2024-10-11T13:44:11.453Z] <<< [apiv2][body] GET https://firebase.googleapis.com/v1beta1/projects/satyam-portfolio125 {"projectId":"satyam-portfolio125","projectNumber":"111374360983","displayName":"satyam-portfolio125","name":"projects/satyam-portfolio125","resources":{"hostingSite":"satyam-portfolio125"},"state":"ACTIVE","etag":"1_6970af3e-9053-49dc-856c-83cf22b3e5b3"}
[info] 
[info] Your public directory is the folder (relative to your project directory) that
[info] will contain Hosting assets to be uploaded with firebase deploy. If you
[info] have a build process for your assets, use your build's output directory.
[info] 
